Japanese English dataset configuration
vocab size, en=3713, fr=3949
--------------------------------------------------
Training progress will be logged in:
	model/train_10000sen_2-2layers_100units_ja_en_exp1_NO_ATTN.log
--------------------------------------------------
Trained model will be saved as:
	model/seq2seq_10000sen_2-2layers_100units_ja_en_exp1_NO_ATTN.model
--------------------------------------------------
Existing model found
--------------------------------------------------
loading model ...
finished loading: model/seq2seq_10000sen_2-2layers_100units_ja_en_exp1_NO_ATTN.model
--------------------------------------------------
--------------------------------------------------
dev perplexity | 65.2376
# words in dev | 4557
--------------------------------------------------
BLEU: 18.130
English predictions, s=10000, num=100:
--------------------------------------------------
Src | この 路地 は 通り抜け でき ま せ ん 。                                                         
Ref | this is a dead @-@ end alley .                                                  
Hyp | i can &apos;t anything anything is . . _EOS                                     
--------------------------------------------------
precision | 0.2222
recall | 0.2500
--------------------------------------------------
Src | ええ 、 届 い た の を お 知 らせ する の を 忘れ て しま っ て す み ま せ ん 。                            
Ref | yes , sorry , i forgot to acknowledge it .                                      
Hyp | attention , you , , , , , , to to . . . _EOS                                    
--------------------------------------------------
precision | 0.2667
recall | 0.4000
--------------------------------------------------
Src | 彼 は ドイツ 生まれ の 人 だ 。                                                             
Ref | he is a german by origin .                                                      
Hyp | he is a friendly person . _EOS                                                  
--------------------------------------------------
precision | 0.5714
recall | 0.5714
--------------------------------------------------
Src | 我々 は ロビン フッド の 伝説 を 良く 知 っ て い る 。                                              
Ref | we are familiar with the legend of robin hood .                                 
Hyp | we are destined for the . . _EOS                                                
--------------------------------------------------
precision | 0.5000
recall | 0.4000
--------------------------------------------------
Src | トランク に は 鍵 が かけ られ て い ま す か 。                                                  
Ref | is your trunk locked ?                                                          
Hyp | what &apos;s does the here here the station ? _EOS                              
--------------------------------------------------
precision | 0.1000
recall | 0.2000
--------------------------------------------------
Src | それ は 冗談 の つもり で い っ た だけ だ よ 。                                                  
Ref | i just meant it as a joke .                                                     
Hyp | it has &apos;t get up to the the . . _EOS                                       
--------------------------------------------------
precision | 0.1818
recall | 0.2500
--------------------------------------------------
Src | その 部屋 は 居心地 の 良 い 感じ が し た 。                                                    
Ref | the room had a nice cozy feel .                                                 
Hyp | the _UNK deprived clearly his _UNK . _EOS                                       
--------------------------------------------------
precision | 0.2500
recall | 0.2500
--------------------------------------------------
Src | パソコン が 使え る の は 彼女 だけ で す 。                                                     
Ref | she alone is able to use the personal computer .                                
Hyp | it is without that is is . . _EOS                                               
--------------------------------------------------
precision | 0.2222
recall | 0.2000
--------------------------------------------------
Src | 彼 ら は 共同 声明 に 同意 し た 。                                                          
Ref | they agreed on a joint statement .                                              
Hyp | they sat the the the juliet . . _EOS                                            
--------------------------------------------------
precision | 0.2222
recall | 0.2857
--------------------------------------------------
Src | 彼 は 彼女 を バス に 助け あげ た 。                                                         
Ref | he handed her up into the bus .                                                 
Hyp | he heard her her her her . . _EOS                                               
--------------------------------------------------
precision | 0.3333
recall | 0.3750
--------------------------------------------------
Src | 彼 に どんな 欠点 が あ る に し て も 、 卑劣 な ところ は な い 。                                     
Ref | whatever faults he may have , meanness is not one of them .                     
Hyp | his can &apos;t know why , , him not not . . _EOS                               
--------------------------------------------------
precision | 0.2308
recall | 0.2308
--------------------------------------------------
Src | 「 こんな 朝 早く から 開館 し て る ん で す か ？ 」 「 私 は 顔 パス よ 」                               
Ref | &quot; will they be open this early in the morning ? &quot; &quot; they &apos;ll let me in on sight . &quot;
Hyp | &quot; will have _UNK _UNK &quot; &quot; &quot; &quot; &quot; &quot; &quot; &quot; &quot; &quot; &quot; the _UNK . .
--------------------------------------------------
precision | 0.3500
recall | 0.3182
--------------------------------------------------
Src | 人間 も 極度 に 寒 い 温度 に 対 し て は 、 防御 装置 を 備え て い る 。                                 
Ref | man , too , has been given protective devices against extreme temperatures .    
Hyp | this is some _UNK _UNK in _UNK _UNK _UNK . . . _EOS                             
--------------------------------------------------
precision | 0.0769
recall | 0.0769
--------------------------------------------------
Src | 私 は タバコ を 吸 う の を やめ た 。                                                        
Ref | i stopped smoking .                                                             
Hyp | i found about . . _EOS                                                          
--------------------------------------------------
precision | 0.3333
recall | 0.5000
--------------------------------------------------
Src | 彼 は かっと な っ て 私 を 殴 っ た 。                                                       
Ref | he struck me in a passion .                                                     
Hyp | he tried a a carelessness . _EOS                                                
--------------------------------------------------
precision | 0.4286
recall | 0.4286
--------------------------------------------------
Src | 彼 は ロープ を 引っ張 っ た 。                                                             
Ref | he pulled the rope .                                                            
Hyp | he went his home . _EOS                                                         
--------------------------------------------------
precision | 0.3333
recall | 0.4000
--------------------------------------------------
Src | どう し て あやま っ て 彼 の 許し を こ わ な い ん だ 。                                           
Ref | why not apologize and ask for his pardon ?                                      
Hyp | i don &apos;t know to to such such him . _EOS                                   
--------------------------------------------------
precision | 0.0000
recall | 0.0000
--------------------------------------------------
Src | 私 は 彼 ら は 来る と 思 う 。                                                            
Ref | i suppose they are coming .                                                     
Hyp | i think that address is . _EOS                                                  
--------------------------------------------------
precision | 0.2857
recall | 0.3333
--------------------------------------------------
Src | 丘 の 上 に 建 っ て い る 家 は とても 古 い 。                                                 
Ref | the house which stands on the hill is very old .                                
Hyp | there is a _UNK approach in in _UNK . _EOS                                      
--------------------------------------------------
precision | 0.2000
recall | 0.1818
--------------------------------------------------
Src | 私 は 早 く 着 き すぎ た 。                                                              
Ref | i arrived there too early .                                                     
Hyp | i bought it home . _EOS                                                         
--------------------------------------------------
precision | 0.3333
recall | 0.3333
--------------------------------------------------
Src | 私 は 彼 の 親切 に こたえ た い 。                                                          
Ref | i would like to repay him for his kindness .                                    
Hyp | i admire him his his . . _EOS                                                   
--------------------------------------------------
precision | 0.5000
recall | 0.4000
--------------------------------------------------
Src | 屋根 は 強風 に 飛ば さ れ た 。                                                            
Ref | the roof was torn off by the gale .                                             
Hyp | the students was worked in the . . _EOS                                         
--------------------------------------------------
precision | 0.4444
recall | 0.4444
--------------------------------------------------
Src | 霧 の 中 から 突然 船 が 現れ た 。                                                          
Ref | a boat suddenly appeared out of the mist .                                      
Hyp | a were between the the was . _EOS                                               
--------------------------------------------------
precision | 0.3750
recall | 0.3333
--------------------------------------------------
Src | 車 が 衝突 し た とき シート ベルト を し て い た ら 、 彼 は 今 で も 生き て い る だ ろ う 。                  
Ref | he would still be alive if he had been wearing his seat belt when the car crashed .
Hyp | if it tell him , , , , would would he he to . . . _EOS                          
--------------------------------------------------
precision | 0.2941
recall | 0.2778
--------------------------------------------------
Src | あなた が 結婚 し 子供 を 持 っ た ら 、 言葉 より 実践 と い う こと を 悟 る で しょ う 。                      
Ref | when you get married and have kids , you &apos;ll realize that actions speak louder than words .
Hyp | i will you that you will to to to to to to . . . _EOS                           
--------------------------------------------------
precision | 0.2500
recall | 0.2222
--------------------------------------------------
Src | それ は 遺憾 な ところ が 多 い 。                                                           
Ref | it leaves nothing much to be desired .                                          
Hyp | it is a _UNK _UNK _UNK _EOS                                                     
--------------------------------------------------
precision | 0.1429
recall | 0.1250
--------------------------------------------------
Src | その 装置 が 作動 し て い る 間 は 暖房 を 止め る こと は でき な い 。                                  
Ref | you can &apos;t turn the heat off as long as the system is operating .          
Hyp | the _UNK _UNK _UNK _UNK _UNK , hunted not not _UNK _UNK _EOS                    
--------------------------------------------------
precision | 0.0769
recall | 0.0667
--------------------------------------------------
Src | ピクニック は 雨 の ため に 中止 に な っ た 。                                                   
Ref | the picnic was called off because of rain .                                     
Hyp | the rumor had to in in the the party . _EOS                                     
--------------------------------------------------
precision | 0.1818
recall | 0.2222
--------------------------------------------------
Src | 彼 は 週末 に よく 家 を 空け る 。                                                          
Ref | he often stays away from home on the weekend .                                  
Hyp | he often leaves up umbrella the day . _EOS                                      
--------------------------------------------------
precision | 0.4444
recall | 0.4000
--------------------------------------------------
Src | その シェパード は 、 びっこ を ひ き ながら 道 を 歩 い て い た 。                                      
Ref | the german shepherd was limping down the street .                               
Hyp | the _UNK was destroyed destroyed by the the the the . . _EOS                    
--------------------------------------------------
precision | 0.3077
recall | 0.4444
--------------------------------------------------
Src | ボブ は 読 み きれ な い ほど たくさん の 本 を 持 っ て い る 。                                       
Ref | bob has too many books to read .                                                
Hyp | everyone is always like in in the . . _EOS                                      
--------------------------------------------------
precision | 0.1000
recall | 0.1250
--------------------------------------------------
Src | 板 に くぎ を 打ち込 ん だ 。                                                              
Ref | he hammered nails into the plank .                                              
Hyp | i _UNK a movie in the vision . _EOS                                             
--------------------------------------------------
precision | 0.2222
recall | 0.2857
--------------------------------------------------
Src | 宿題 は もう 終わ っ た の で す か 。                                                        
Ref | have you finished your homework already ?                                       
Hyp | where did you rain ? _EOS                                                       
--------------------------------------------------
precision | 0.3333
recall | 0.2857
--------------------------------------------------
Src | まず その 辺 で す 。                                                                   
Ref | that &apos;s about it .                                                         
Hyp | the _UNK _UNK _UNK _UNK _UNK _EOS                                               
--------------------------------------------------
precision | 0.0000
recall | 0.0000
--------------------------------------------------
Src | 夢 は 、 世界 一周 旅行 。                                                                
Ref | my dream is to take a round @-@ the @-@ world trip .                            
Hyp | the earth is the day . _EOS                                                     
--------------------------------------------------
precision | 0.4286
recall | 0.2308
--------------------------------------------------
Src | 今夜 は 家 に つれ て い っ て く れ 。                                                       
Ref | please take me home tonight .                                                   
Hyp | just your later . . . _EOS                                                      
--------------------------------------------------
precision | 0.1429
recall | 0.1667
--------------------------------------------------
Src | ２ 日間 ベッド に い な く て は な ら な かっ た 。                                               
Ref | i have had to stay in bed for two days .                                        
Hyp | i &apos;ve &apos;t notice to the last . . _EOS                                  
--------------------------------------------------
precision | 0.3000
recall | 0.2727
--------------------------------------------------
Src | 消防 士 は あっ と い う 間 に 火 を 消 し た 。                                                 
Ref | the firemen had the fire out in no time .                                       
Hyp | the _UNK _UNK to to to _UNK the the examination . _EOS                          
--------------------------------------------------
precision | 0.2500
recall | 0.3000
--------------------------------------------------
Src | あなた の 傘 を 借り て い い で す か 。                                                      
Ref | can i borrow your umbrella ?                                                    
Hyp | may i play forward either ? _EOS                                                
--------------------------------------------------
precision | 0.2857
recall | 0.3333
--------------------------------------------------
Src | 明日 雨降り なら 私 は 家 に い ま す 。                                                       
Ref | i will stay home if it rains tomorrow .                                         
Hyp | i am i today than you . . _EOS                                                  
--------------------------------------------------
precision | 0.2222
recall | 0.2222
--------------------------------------------------
Src | 彼女 が 最後 に ゴール し た 人 で す 。                                                       
Ref | she was the last to cross the finishing line .                                  
Hyp | it is no she her her her . _EOS                                                 
--------------------------------------------------
precision | 0.2222
recall | 0.2000
--------------------------------------------------
Src | 写真 ほど 鮮明 な もの は な い 。                                                           
Ref | nothing is more vivid than a picture .                                          
Hyp | it is not _UNK of traveling . _EOS                                              
--------------------------------------------------
precision | 0.2500
recall | 0.2500
--------------------------------------------------
Src | 減税 は しばしば 経済 を 刺激 する 重要 な 財政 政策 手段 と し て 使 わ れ る 。                              
Ref | tax cuts are often used as a major fiscal tool to stimulate the economy .       
Hyp | _UNK _UNK exist the _UNK _UNK _UNK , the behavior in in the . . _EOS            
--------------------------------------------------
precision | 0.1250
recall | 0.1333
--------------------------------------------------
Src | 橋 が 圧力 で 落ち た 。                                                                 
Ref | the bridge crashed under the pressure .                                         
Hyp | the _UNK _UNK against the . _EOS                                                
--------------------------------------------------
precision | 0.4286
recall | 0.4286
--------------------------------------------------
Src | 私 は その 事実 を 十分 よく 知 っ て い る 。                                                   
Ref | i know the facts well enough .                                                  
Hyp | i always to to at the . . _EOS                                                  
--------------------------------------------------
precision | 0.3333
recall | 0.4286
--------------------------------------------------
Src | 彼 の 後 を 継 ぐ だけ の 能力 の あ る 人物 を 見つけ る の は 容易 で は な い だ ろ う 。                     
Ref | it won &apos;t be easy to find someone capable of taking his place .            
Hyp | i don &apos;t _UNK to his his his the him the him the him in in . . _EOS        
--------------------------------------------------
precision | 0.2105
recall | 0.2857
--------------------------------------------------
Src | 私 は 一 番 列車 に 間に合 う よう に 急 い だ 。                                                 
Ref | i hurried in order to catch the first train .                                   
Hyp | i am sure to to to o o o . . _EOS                                               
--------------------------------------------------
precision | 0.2500
recall | 0.3000
--------------------------------------------------
Src | 私 は もはや 彼 の なまけ を 我慢 出来 な い 。                                                   
Ref | i cannot put up with his idleness any longer .                                  
Hyp | i don &apos;t admire him him him him . _EOS                                     
--------------------------------------------------
precision | 0.2000
recall | 0.2000
--------------------------------------------------
Src | 彼女 は 叔母 に 似 て い る 。                                                             
Ref | she resembles her aunt .                                                        
Hyp | she sings in in her dress . _EOS                                                
--------------------------------------------------
precision | 0.3750
recall | 0.6000
--------------------------------------------------
Src | 彼 は い い 給料 を もら っ て い る 。                                                       
Ref | he earns a good salary .                                                        
Hyp | he has having of . . _EOS                                                       
--------------------------------------------------
precision | 0.2857
recall | 0.3333
--------------------------------------------------
Src | 歌 を 歌 っ て い る 少年 は 私 の 弟 で す 。                                                  
Ref | the boy singing a song is my brother .                                          
Hyp | some is hear to _UNK our our . . _EOS                                           
--------------------------------------------------
precision | 0.2000
recall | 0.2222
--------------------------------------------------
Src | 彼女 は ベッド の 上 に うつ伏せ に 倒れ て い た 。                                                
Ref | she was lying face down on the bed .                                            
Hyp | she lived looking with her her her . . _EOS                                     
--------------------------------------------------
precision | 0.2000
recall | 0.2222
--------------------------------------------------
Src | 急 い で する 事 が あ る 。                                                              
Ref | i have an urgent matter to attend to .                                          
Hyp | i can like to hot . _EOS                                                        
--------------------------------------------------
precision | 0.4286
recall | 0.3333
--------------------------------------------------
Src | 私 は 、 ストライキ の ため に 、 旅行 を 中止 し な けれ ば な ら な かっ た 。                              
Ref | i had to cancel my trip on account of the strike .                              
Hyp | i had to ever to to to to in the bus . _EOS                                     
--------------------------------------------------
precision | 0.3846
recall | 0.4167
--------------------------------------------------
Src | だれ で も が み な 正直 と は 限 ら な い 。                                                   
Ref | everyone is not honest .                                                        
Hyp | she can not not not very . _EOS                                                 
--------------------------------------------------
precision | 0.2500
recall | 0.4000
--------------------------------------------------
Src | もし 私 が 君 の 立場 なら 、 彼 を 手伝 っ て や る だ ろ う に 。                                     
Ref | if i were in your place , i would lend him a hand .                             
Hyp | if i i , , i will will tomorrow . . _EOS                                        
--------------------------------------------------
precision | 0.4167
recall | 0.3571
--------------------------------------------------
Src | 早起き の 習慣 を 養 う よう に し なさ い 。                                                    
Ref | you should cultivate the habit of getting up early .                            
Hyp | take me me to , tennis . _EOS                                                   
--------------------------------------------------
precision | 0.1250
recall | 0.1000
--------------------------------------------------
Src | 君 に 会 っ た こと を 私 は 決して 忘れ ま せ ん 。                                               
Ref | i will never forget seeing you .                                                
Hyp | i do not you you you you you . _EOS                                             
--------------------------------------------------
precision | 0.3000
recall | 0.4286
--------------------------------------------------
Src | カナダ へ 行 っ た こと が あ り ま す か 。                                                    
Ref | have you ever been to canada ?                                                  
Hyp | have you ever been see ? _EOS                                                   
--------------------------------------------------
precision | 0.7143
recall | 0.7143
--------------------------------------------------
Src | バス の 前 の ほう は す い て い た 。                                                       
Ref | the front of the bus was not crowded .                                          
Hyp | the effort of was worn perfect . _EOS                                           
--------------------------------------------------
precision | 0.5000
recall | 0.4444
--------------------------------------------------
Src | 彼 は 出かけ た 先々 で 歓迎 さ れ た 。                                                       
Ref | he was welcomed wherever he went .                                              
Hyp | he was a with a a the police . _EOS                                             
--------------------------------------------------
precision | 0.3000
recall | 0.4286
--------------------------------------------------
Src | 彼 は 自分 が 何 を 話 し て い る か を 時々 忘れ て しま う 。                                       
Ref | he sometimes forgets what he was talking about .                                
Hyp | he managed &apos;t to here here . . _EOS                                        
--------------------------------------------------
precision | 0.2222
recall | 0.2222
--------------------------------------------------
Src | 彼女 は その 仕事 を する 気分 で は な い 。                                                    
Ref | she is in no humor for task .                                                   
Hyp | she cannot always forget the the . . _EOS                                       
--------------------------------------------------
precision | 0.2222
recall | 0.2500
--------------------------------------------------
Src | 私 は 野球 が 好き だ 。                                                                 
Ref | i like baseball .                                                               
Hyp | i know my . _EOS                                                                
--------------------------------------------------
precision | 0.4000
recall | 0.5000
--------------------------------------------------
Src | その 名 の 人 は 学籍 簿 に 載 っ て ま せ ん 。                                                 
Ref | no person by that name is listed in the register of the school .                
Hyp | the _UNK _UNK amounts _UNK in . . _EOS                                          
--------------------------------------------------
precision | 0.3333
recall | 0.2143
--------------------------------------------------
Src | 収穫 が もっと 悪 く な れ ば 、 飢饉 が 起こ る か も 知れ な い 。                                     
Ref | if the harvest gets any worse , there could be a famine .                       
Hyp | she cannot &apos;t saying whether because , she is . . _EOS                     
--------------------------------------------------
precision | 0.1667
recall | 0.1538
--------------------------------------------------
Src | 父 は 私 が 彼 に 対 し て 失礼 な 言動 を と っ た とき 、 怒り で 顔 が 真っ赤 に な っ た 。                   
Ref | father went red with anger when i behaved rudely towards him .                  
Hyp | my tend was his _UNK , he , , , , that that he he . . _EOS                      
--------------------------------------------------
precision | 0.0556
recall | 0.0833
--------------------------------------------------
Src | 彼 は 山 の 頂上 に 立 っ て い ま し た 。                                                    
Ref | he was standing at the top of the mountain .                                    
Hyp | he was surrounded with his his . _EOS                                           
--------------------------------------------------
precision | 0.3750
recall | 0.3000
--------------------------------------------------
Src | 私 たち みんな 自転 車 に 乗 る の が 好き で す 。                                                
Ref | we all like cycling .                                                           
Hyp | i like to to in the our . _EOS                                                  
--------------------------------------------------
precision | 0.2222
recall | 0.4000
--------------------------------------------------
Src | 赤ん坊 は よく 転 ぶ 。                                                                  
Ref | babies often fall down .                                                        
Hyp | the baby baby . . _EOS                                                          
--------------------------------------------------
precision | 0.1667
recall | 0.2000
--------------------------------------------------
Src | その 質問 は 難し すぎ て 答え られ な かっ た 。                                                  
Ref | the question was too difficult to answer .                                      
Hyp | the couple tasted not like . . _EOS                                             
--------------------------------------------------
precision | 0.2500
recall | 0.2500
--------------------------------------------------
Src | 彼女 は 教師 の よう に 見え る 。                                                           
Ref | she looks like a teacher .                                                      
Hyp | she works become her . _EOS                                                     
--------------------------------------------------
precision | 0.3333
recall | 0.3333
--------------------------------------------------
Src | ジョーダン さん は 「 授業 に 出 て い な かっ た の で す か 」 と たずね た 。                              
Ref | &quot; weren &apos;t you there ? &quot; asked mr jordan .                       
Hyp | mr dog parted to not to enjoy not to to was . . _EOS                            
--------------------------------------------------
precision | 0.1429
recall | 0.1818
--------------------------------------------------
Src | 「 ほか に 何 か 要 り ま す か 」 「 それ だけ で 結構 で す 」                                       
Ref | &quot; anything else ? &quot; &quot; no , that &apos;s all . &quot;             
Hyp | &quot; will i go &quot; &quot; &quot; &quot; &quot; &quot; &quot; &quot; &quot; . &quot; _EOS
--------------------------------------------------
precision | 0.3125
recall | 0.3846
--------------------------------------------------
Src | 気 苦労 が 彼 の 体 に 響 い た 。                                                          
Ref | worry affected his health .                                                     
Hyp | drink brought his his his his . . _EOS                                          
--------------------------------------------------
precision | 0.2222
recall | 0.4000
--------------------------------------------------
Src | 彼 は それ を 詳し く 説明 し だ し た 。                                                      
Ref | he explained it at length .                                                     
Hyp | he tried me come . . _EOS                                                       
--------------------------------------------------
precision | 0.2857
recall | 0.3333
--------------------------------------------------
Src | 「 元気 を 出 し なさ い 」 と 彼女 は 私 に 言 い ま し た 。                                        
Ref | &quot; cheer up , &quot; she said to me .                                       
Hyp | &quot; she , , , , her to drinking her . _EOS                                   
--------------------------------------------------
precision | 0.4167
recall | 0.5000
--------------------------------------------------
Src | 本当 を 言 う と 、 コンピューター に は 詳し く な い の で す 。                                       
Ref | i &apos;m not really familiar with computers .                                  
Hyp | to tell truth , , the to a . . . _EOS                                           
--------------------------------------------------
precision | 0.0833
recall | 0.1250
--------------------------------------------------
Src | ワイン を もっと 冷や し た い 。                                                            
Ref | i want to chill the wine more .                                                 
Hyp | i &apos;d like to to the the . _EOS                                             
--------------------------------------------------
precision | 0.4444
recall | 0.5000
--------------------------------------------------
Src | 彼女 は 機嫌 が 悪 い と い う の も 、 いつ も 地下 鉄 に 乗 り 遅れ 仕事 場 まで 歩 く 羽目 に な っ た から だ 。      
Ref | she is in a temper , because she missed her usual train in the subway and had to walk to work .
Hyp | she was forty , , , , , , , to to to to to her her her her .                    
--------------------------------------------------
precision | 0.2500
recall | 0.2273
--------------------------------------------------
Src | 夕方 から 雨 だ って い っ て い た よ 。                                                      
Ref | it said rain from this evening .                                                
Hyp | i was also , , _UNK last last last . . _EOS                                     
--------------------------------------------------
precision | 0.0833
recall | 0.1429
--------------------------------------------------
Src | あす の 朝 まで に は 一面 の 銀 世界 に な っ て い る だ ろ う 。                                     
Ref | by tomorrow morning all the world will have been covered with snow .            
Hyp | it &apos;s the _UNK in in in in in . . . _EOS                                   
--------------------------------------------------
precision | 0.1538
recall | 0.1538
--------------------------------------------------
Src | 知 っ て い れ ば 教え て あげ た ん だ けど 。                                                  
Ref | had i known it , i would have told you .                                        
Hyp | i wish that had forgotten . _EOS                                                
--------------------------------------------------
precision | 0.4286
recall | 0.2727
--------------------------------------------------
Src | 無知 は 幸福 。                                                                       
Ref | ignorance is bliss .                                                            
Hyp | i &apos;s a _UNK . . _EOS                                                       
--------------------------------------------------
precision | 0.1429
recall | 0.2500
--------------------------------------------------
Src | せっかく 弁護 士 の 資格 が あ る の に もったい な い 。                                             
Ref | what a waste of your lawyer qualifications !                                    
Hyp | it , not are a in in a the bad . . _EOS                                         
--------------------------------------------------
precision | 0.0769
recall | 0.1250
--------------------------------------------------
Src | 少な い 収入 を でき る 限り いか し た い 。                                                    
Ref | make the best of your small income .                                            
Hyp | i wish &apos;t to to will to the o . _EOS                                       
--------------------------------------------------
precision | 0.1818
recall | 0.2500
--------------------------------------------------
Src | いつ か あなた を 訪問 し て も い い で す か 。                                                 
Ref | may i call on you some day ?                                                    
Hyp | may i make me to ? _EOS                                                         
--------------------------------------------------
precision | 0.4286
recall | 0.3750
--------------------------------------------------
Src | 私 は ここ に とどま る べ き か ロンドン へ 行 く べ き か 分か ら な かっ た 。                             
Ref | i didn &apos;t know whether to stay here or go to london .                      
Hyp | i had &apos;t tired to i i i i more more . _EOS                                 
--------------------------------------------------
precision | 0.3077
recall | 0.3077
--------------------------------------------------
Src | ダン は よく お 母 さん に しか ら れ る 。                                                     
Ref | dan is often scolded by his mother .                                            
Hyp | _UNK are blowing to _UNK 6 . _EOS                                               
--------------------------------------------------
precision | 0.1250
recall | 0.1250
--------------------------------------------------
Src | ジョージ は とても 話 好き だ 。                                                             
Ref | george is quite talkative .                                                     
Hyp | mayuko _UNK like mainly . _EOS                                                  
--------------------------------------------------
precision | 0.1667
recall | 0.2000
--------------------------------------------------
Src | システム が 作動 し な い 場合 が あ る 。                                                      
Ref | there are cases where the system doesn &apos;t go .                             
Hyp | _UNK are a _UNK _UNK rice _UNK _UNK _EOS                                        
--------------------------------------------------
precision | 0.1111
recall | 0.1000
--------------------------------------------------
Src | 彼女 は 毎週 １ 回 映画 を 見 に 行 く 。                                                      
Ref | she goes to the movies once a week .                                            
Hyp | she often to _UNK to her spoke every . _EOS                                     
--------------------------------------------------
precision | 0.3000
recall | 0.3333
--------------------------------------------------
Src | 彼 は とって も やさし い よ 。                                                             
Ref | he is fine and gentle .                                                         
Hyp | he is a at played . _EOS                                                        
--------------------------------------------------
precision | 0.4286
recall | 0.5000
--------------------------------------------------
Src | 私 は ほとんど １８０ センチ で す 。                                                          
Ref | i am almost 180 centimeters tall .                                              
Hyp | i have a pens in osaka . . _EOS                                                 
--------------------------------------------------
precision | 0.2222
recall | 0.2857
--------------------------------------------------
Src | 彼 は 母親 に 似 て い る 。                                                              
Ref | he resembles his mother .                                                       
Hyp | he is looking with the . . _EOS                                                 
--------------------------------------------------
precision | 0.2500
recall | 0.4000
--------------------------------------------------
Src | 東京 は だんぜん 日本 で 一番 大き い 都市 で す 。                                                 
Ref | tokyo is by far the largest city in japan .                                     
Hyp | the _UNK is in in in in in . _EOS                                               
--------------------------------------------------
precision | 0.4000
recall | 0.4000
--------------------------------------------------
Src | 出世 し た い の なら 、 努力 を おそれ て は な ら な い 。                                          
Ref | if you wish to get on in the world , you must not shrink from effort .          
Hyp | no why the don don &apos;ve to to to to in . . . _EOS                           
--------------------------------------------------
precision | 0.2667
recall | 0.2353
--------------------------------------------------
Src | 「 まだ 浅 い ね 。 足 とど く 」 「 結構 遠浅 だ な 。 よ つば も まだ 足 つ く だ ろ 」                       
Ref | &quot; it &apos;s still shallow , eh . my feet still touch the bottom . &quot; &quot; it &apos;s quite a shallow beach . yotsuba , you can still touch the bottom can &apos;t you ? &quot;
Hyp | &quot; will have _UNK _UNK a _UNK &quot; &quot; &quot; &quot; &quot; &quot; &quot; &quot; &quot; &quot; &quot; &quot; &quot;
--------------------------------------------------
precision | 0.2500
recall | 0.1351
--------------------------------------------------
Src | 私 の お じい ちゃん は 私 が 大学 に 行 く こと を 望 ん で い る 。                                    
Ref | my grandfather hopes that i will enter college .                                
Hyp | my brother attempts to twice us me us . . . _EOS                                
--------------------------------------------------
precision | 0.1667
recall | 0.2222
--------------------------------------------------
Src | ラスベガス が い る と 時間 が 経 つ の を 忘れ る 。                                               
Ref | it &apos;s easy to lose track of time when you are in las vegas .               
Hyp | i like the time , is swim . . . _EOS                                            
--------------------------------------------------
precision | 0.1818
recall | 0.1333
sentences matching filter = 100
