100,7.102779388427734
200,6.64495620727539
300,7.0398406982421875
400,4.7018130620320635
500,5.808068169487847
600,5.948704020182292
700,4.6622772216796875
800,7.066339492797852
900,5.067450205485026
1000,6.179833730061849
1100,6.427410125732422
1200,6.675335083007813
1300,6.233127117156982
1400,4.437723159790039
1500,5.8251633644104
1600,5.2930253346761065
1700,5.9184004465738935
1800,5.677335912531072
1900,6.040253067016602
2000,6.047915776570638
2100,6.955928802490234
2200,4.915905475616455
2300,6.091491154261997
2400,5.23216438293457
2500,5.048731994628906
2600,4.953171157836914
2700,6.231170654296875
2800,5.444742965698242
2900,4.431621006556919
3000,7.263617515563965
3100,6.24743127822876
3200,4.173092978341239
3300,5.05732182094029
3400,4.822766621907552
3500,5.201347732543946
3600,6.257347954644097
3700,6.0561370849609375
3800,5.8044478098551435
3900,5.421966007777622
4000,5.871294839041574
4100,5.995700073242188
4200,5.478255271911621
4300,5.5436653137207035
4400,7.570069313049316
4500,6.073782444000244
4600,5.194835662841797
4700,4.9071855545043945
4800,6.099652426583426
4900,4.755781991141183
5000,5.996682643890381
5100,6.266194820404053
5200,4.348577499389648
5300,6.649020385742188
5400,6.4745983547634545
5500,4.700244903564453
5600,5.934597015380859
5700,5.167036819458008
5800,5.317103576660156
5900,6.792698754204644
6000,5.620595296223958
6100,5.253861745198567
6200,9.01087760925293
6300,5.15510728624132
6400,6.445924932306463
6500,4.2570585523332864
6600,5.390758895874024
6700,5.998142242431641
6800,5.525859196980794
6900,4.84562349319458
7000,5.441509670681423
7100,4.955957140241351
7200,6.996425628662109
7300,5.775518629286024
7400,6.080319331242488
7500,7.861848449707031
7600,5.82426643371582
7700,6.277780012650923
7800,9.006600062052408
7900,4.768763950892857
8000,6.227727890014648
8100,6.373263222830636
8200,5.102719443184989
8300,4.1217803955078125
8400,6.794356851016774
8500,6.07541036605835
8600,6.00581423441569
8700,3.8597180048624673
8800,4.548142433166504
8900,5.52135536887429
9000,4.997259902954101
9100,5.449754194779829
9200,6.451689980246804
9300,6.011499404907227
9400,5.257626669747489
9500,6.262247358049665
9600,4.480937110053168
9700,6.0535101890563965
9800,6.321569269353693
9900,5.646462073692908
10000,5.99526834487915
10100,5.236842346191406
10200,5.667491912841797
10300,5.884771074567523
10400,3.5270277659098306
10500,5.692029741075304
10600,5.111214701334635
10700,3.701253890991211
10800,5.3291730880737305
10900,4.3833465576171875
11000,4.724524603949653
11100,5.331141948699951
11200,6.371632690429688
11300,5.818872451782227
11400,4.139289855957031
11500,5.347721099853516
11600,5.207181612650554
11700,5.4091033935546875
11800,6.277530323375355
11900,6.297062683105469
12000,4.8049008051554365
12100,5.741702556610107
12200,4.700799942016602
12300,4.6454876491001675
12400,4.747896575927735
12500,4.586205673217774
12600,4.503939819335938
12700,6.017619739879262
12800,4.871298980712891
12900,4.453787122453962
13000,5.075191020965576
13100,5.230074882507324
13200,3.7829826899937222
13300,4.834557669503348
13400,4.50857416788737
13500,4.821322250366211
13600,6.552744547526042
13700,5.413195292154948
13800,5.454430262247722
13900,5.182710920061384
14000,5.021335056849888
14100,5.807399749755859
14200,4.721332550048828
14300,4.777276992797852
14400,6.12394380569458
14500,6.28604793548584
14600,4.629239654541015
14700,4.679278373718262
14800,5.857850211007254
14900,4.394558225359235
15000,5.082427024841309
15100,6.297039985656738
15200,3.7661566734313965
15300,6.45770263671875
15400,5.977596706814236
15500,4.402751922607422
15600,5.668678283691406
15700,4.905977249145508
15800,5.294655227661133
15900,6.71244642469618
16000,5.33392333984375
16100,4.711472829182942
16200,7.741166114807129
16300,4.593577067057292
16400,5.761308843439275
16500,3.8855498177664622
16600,5.061164855957031
16700,5.755420684814453
16800,5.368625640869141
16900,4.663040637969971
17000,5.6969858805338545
17100,4.488399505615234
17200,6.635265350341797
17300,6.354471842447917
17400,5.817483755258413
17500,6.992123413085937
17600,5.462323760986328
17700,6.121558449485085
17800,7.287334442138672
17900,4.0115974971226285
18000,6.2841105461120605
18100,5.527185712541852
18200,4.460419246128628
18300,3.8747572217668806
18400,6.710538078756893
18500,5.538562297821045
18600,5.393492380777995
18700,2.865594228108724
18800,4.086919784545898
18900,5.132789611816406
19000,4.7453563690185545
19100,5.317415410822088
19200,6.382551019841975
19300,4.429006958007813
19400,4.65673828125
19500,6.190691811697824
19600,4.144465552435981
19700,4.9942851066589355
19800,6.019907864657315
19900,5.392334571251502
20000,5.335779190063477
20100,4.905438232421875
20200,5.1783393859863285
20300,5.361069815499442
20400,3.399293899536133
20500,4.864841885036892
20600,4.747389729817709
20700,3.558051347732544
20800,4.49424425760905
20900,4.288403193155925
21000,4.31178961859809
21100,4.862655162811279
21200,6.422999877929687
21300,5.669690132141113
21400,3.795227368672689
21500,5.247617244720459
21600,4.76693852742513
21700,5.363065083821614
21800,6.356161637739702
21900,5.965005111694336
22000,4.416417121887207
22100,5.381809711456299
22200,4.688541412353516
22300,4.13599613734654
22400,4.463915634155273
22500,4.2280841827392575
22600,3.7370494842529296
22700,6.030224193226207
22800,4.4074546813964846
22900,4.313163757324219
23000,4.563612937927246
23100,4.9750471115112305
23200,3.473078863961356
23300,4.043515886579241
23400,4.33767827351888
23500,4.4917442321777346
23600,6.389522552490234
23700,5.1681641472710504
23800,5.33066463470459
23900,4.903065272739956
24000,4.771094185965402
24100,5.201249313354492
24200,4.427546501159668
24300,4.398812484741211
24400,5.180579662322998
24500,5.732298374176025
24600,3.8216278076171877
24700,4.755138874053955
24800,5.8774599347795755
24900,4.11510740007673
25000,5.163215160369873
25100,5.858932018280029
25200,3.5236387252807617
25300,6.051776885986328
25400,5.812183380126953
25500,4.180423259735107
25600,5.2944027582804365
25700,4.790316772460938
25800,5.294906997680664
25900,6.1233105129665795
26000,4.731953938802083
26100,4.918988863627116
26200,6.966232776641846
26300,4.316968282063802
26400,5.567675850608132
26500,3.6227629525320872
26600,4.644124603271484
26700,5.638094329833985
26800,5.281982421875
26900,4.1203999519348145
27000,5.729033999972874
27100,4.147635323660714
27200,6.618144353230794
27300,5.078998565673828
27400,5.58418215238131
27500,6.556453704833984
27600,5.066276931762696
27700,6.050495494495738
27800,6.590271631876628
27900,3.767615727015904
28000,6.146876335144043
28100,5.069640568324497
28200,4.084625244140625
28300,3.9400482177734375
28400,6.398717543658088
28500,5.503025531768799
28600,4.50303840637207
28700,2.708662986755371
28800,3.729757785797119
28900,4.754630002108487
29000,4.577445602416992
29100,5.2267938093705615
29200,5.92562519420277
29300,4.160441589355469
29400,4.824486323765346
29500,5.721355438232422
29600,3.7484249538845487
29700,4.7821736335754395
29800,5.689674030650746
29900,5.140678992638221
30000,5.206613540649414
30100,4.114792251586914
30200,4.7852943420410154
30300,4.9507326398577005
30400,3.364732106526693
30500,4.645519680447048
30600,4.809180704752604
30700,3.1817543506622314
30800,4.13517697652181
30900,3.681603749593099
31000,3.6288019816080728
31100,4.403365135192871
31200,6.303646240234375
31300,5.302812099456787
31400,3.875368118286133
31500,5.130236625671387
31600,4.566022237141927
31700,5.0371659596761065
31800,6.546388105912642
31900,5.276286315917969
32000,4.190683046976726
32100,5.391247749328613
32200,3.9213809967041016
32300,3.827709197998047
32400,4.040254974365235
32500,3.6899177551269533
32600,3.5117279052734376
32700,6.093641801313921
32800,4.401755905151367
32900,3.6802902221679688
33000,4.163839817047119
33100,4.524318695068359
33200,3.2098424094063893
33300,3.6835921151297435
33400,4.260867436726888
33500,4.35360107421875
33600,6.33030531141493
33700,5.027340359157986
33800,5.006309827168782
33900,4.596469334193638
34000,4.292794908796038
34100,4.784749603271484
34200,4.368372917175293
34300,4.099785614013672
34400,4.257246017456055
34500,5.692092418670654
34600,3.633556365966797
34700,4.463517665863037
34800,5.560855320521763
34900,3.874179022652762
35000,5.723175525665283
35100,6.360478401184082
35200,3.56748104095459
35300,5.650678253173828
35400,5.170663621690538
35500,4.362283706665039
35600,5.236141840616862
35700,4.438991928100586
35800,4.883089065551758
35900,5.675896962483724
36000,4.429835849338108
36100,4.586337725321452
36200,6.289909839630127
36300,4.370662689208984
36400,5.165275226939809
36500,3.4394141605922153
36600,4.544379425048828
36700,5.658926010131836
36800,5.369045893351237
36900,3.9790897369384766
37000,5.444660186767578
37100,3.568993704659598
37200,6.289924621582031
37300,4.991654713948567
37400,5.381583580603967
37500,6.74925537109375
37600,4.872799301147461
37700,5.373813975941051
37800,7.335716247558594
37900,3.468663896833147
38000,5.683845043182373
38100,4.573601313999721
38200,3.7150181361607144
38300,3.522730691092355
38400,6.2217568790211395
38500,5.294904708862305
38600,4.237367312113444
38700,2.468189557393392
38800,3.6079845428466797
38900,4.422574476762251
39000,4.675675964355468
39100,5.339763294566762
39200,5.483256600119851
39300,3.7177360534667967
39400,3.612557819911412
39500,5.646583557128906
39600,3.5249877505832248
39700,4.360306262969971
39800,5.626164869828657
39900,4.9967827430138225
40000,4.988117218017578
40100,3.217707061767578
40200,4.915335845947266
40300,4.7365619114467075
40400,3.5287624994913735
40500,4.5912352667914496
40600,4.489683024088541
40700,3.1158833503723145
40800,4.018448193868001
40900,3.293163299560547
41000,3.269359164767795
41100,4.514032363891602
41200,6.983345336914063
41300,5.011017799377441
41400,3.424255688985189
41500,4.800577640533447
41600,4.179686228434245
41700,5.176729520161946
41800,6.389165011319247
41900,4.512681579589843
42000,3.9164727528889975
42100,5.180329322814941
42200,3.8429818153381348
42300,3.538257053920201
42400,3.8408809661865235
42500,3.2813346862792967
42600,3.1710031509399412
42700,5.841230219060725
42800,4.204360580444336
42900,3.5310570853097096
43000,3.7951619625091553
43100,4.472340106964111
43200,3.198228018624442
43300,3.3475873129708424
43400,4.285598119099935
43500,4.388010406494141
43600,5.977567884657118
43700,4.441301557752821
43800,5.022960662841797
43900,3.9222542898995534
44000,3.971623284476144
44100,4.784780883789063
44200,4.080843925476074
44300,4.210274124145508
44400,3.755819082260132
44500,5.052055835723877
44600,2.915918731689453
44700,4.375807762145996
44800,5.572486332484654
44900,3.578625270298549
45000,4.1984944343566895
45100,5.998208045959473
45200,3.341301918029785
45300,5.338716888427735
45400,4.8340026007758246
45500,4.323881149291992
45600,5.279136975606282
45700,4.4120323181152346
45800,4.673463821411133
45900,5.101192474365234
46000,4.154994116889106
46100,4.192079544067383
46200,6.565064430236816
46300,4.067108578152126
46400,4.55714936689897
46500,3.4329637799944197
46600,4.464478302001953
46700,5.291249084472656
46800,5.101601282755534
46900,4.071805953979492
47000,5.332562764485677
47100,2.9194578443254744
47200,5.937241872151692
47300,4.314637502034505
47400,5.263729388897236
47500,6.539775085449219
47600,5.186025619506836
47700,5.10771387273615
47800,6.070996602376302
47900,3.233057839529855
48000,5.806739807128906
48100,4.458403178623745
48200,3.4947417122977122
48300,3.159686497279576
48400,5.799198375028722
48500,4.7305779457092285
48600,4.399644533793132
48700,2.492640177408854
48800,3.338833808898926
48900,4.462705438787287
49000,4.996574020385742
49100,5.309402119029652
49200,4.912053888494318
49300,3.7866851806640627
49400,3.3926800319126675
49500,5.516533987862723
49600,3.3197082943386502
49700,3.9277169704437256
49800,5.705060091885653
49900,4.783428192138672
50000,4.864474773406982
50100,2.7220428466796873
50200,4.402441787719726
50300,4.674060821533203
50400,3.54500420888265
50500,4.170585632324219
50600,4.071541595458984
50700,2.787672758102417
50800,4.106529235839844
50900,3.5571276346842446
51000,3.5454644097222223
51100,4.406665802001953
51200,6.444974975585938
51300,4.920161247253418
51400,3.2047141393025718
51500,4.592827796936035
51600,4.579378128051758
51700,4.718147277832031
51800,6.0662994384765625
51900,4.617715835571289
52000,3.7210187911987305
52100,4.4305925369262695
52200,3.316600799560547
52300,3.2953662872314453
52400,3.600424575805664
52500,2.6641567230224608
52600,3.391561508178711
52700,5.36819804798473
52800,3.9558643341064452
52900,3.1287443978445872
53000,3.850599765777588
53100,4.067933082580566
53200,3.6358964102608815
53300,3.847379411969866
53400,4.680281321207683
53500,3.8840728759765626
53600,5.904667324490017
53700,4.411850823296441
53800,5.185825347900391
53900,4.08812631879534
54000,3.9651647295270647
54100,4.447930908203125
54200,3.927168846130371
54300,4.348354721069336
54400,2.834266185760498
54500,4.65261173248291
54600,2.32122917175293
54700,4.181824207305908
54800,5.600161961146763
54900,3.467645917619978
55000,3.292711019515991
55100,5.836182594299316
55200,3.0813674926757812
55300,5.155802154541016
55400,4.179490831163195
55500,3.9414994716644287
55600,5.202627182006836
55700,4.297748565673828
55800,4.4864341735839846
55900,4.817056443956163
56000,4.371173434787327
56100,4.157371520996094
56200,6.460621356964111
56300,3.951391855875651
56400,4.404322190718218
56500,3.123514175415039
56600,4.924480056762695
56700,5.474819564819336
56800,4.948355356852214
56900,3.6619162559509277
57000,4.984917958577474
57100,3.0909780774797713
57200,5.3358205159505205
57300,4.268121931287977
57400,5.082612844613882
57500,6.674983215332031
57600,4.9995471954345705
57700,4.717035466974432
57800,5.0513661702473955
57900,2.653123583112444
58000,5.2835307121276855
58100,3.8244667053222656
58200,3.374007088797433
58300,3.050935745239258
58400,6.5167101691750915
58500,5.294069766998291
58600,3.3978115717569985
58700,2.1477088928222656
58800,3.310326099395752
58900,4.006691325794566
59000,4.701998138427735
59100,4.8959503173828125
59200,5.045609560879794
59300,3.3677288055419923
59400,3.8589480263846263
59500,5.358213152204241
59600,2.805906719631619
59700,4.092993259429932
59800,5.783626209605824
59900,4.758582775409405
60000,4.442725658416748
60100,2.1573808670043944
60200,4.4059814453125
60300,5.103767939976284
60400,3.1780920028686523
60500,4.121958414713542
60600,3.905382029215495
60700,3.3385262489318848
60800,3.6971381505330405
60900,2.5706297556559243
61000,3.60498046875
61100,3.927842378616333
61200,6.513189086914062
61300,4.673599720001221
61400,2.988541920979818
61500,4.578896522521973
61600,3.8611253102620444
61700,4.279194513956706
61800,6.117831143465909
61900,4.415912628173828
62000,3.7893667221069336
62100,4.5739946365356445
62200,2.931439161300659
62300,3.20916257585798
62400,3.7073780059814454
62500,2.10925178527832
62600,2.984284591674805
62700,5.229423522949219
62800,4.310816955566406
62900,2.6791932242257253
63000,2.792480707168579
63100,4.117401123046875
63200,2.708167484828404
63300,3.189497538975307
63400,4.147672653198242
63500,3.528300094604492
63600,5.579992930094401
63700,4.216016133626302
63800,5.023516337076823
63900,3.956772668021066
64000,4.218504769461496
64100,4.343431091308593
64200,3.792421340942383
64300,4.50329360961914
64400,2.356740951538086
64500,4.5961456298828125
64600,1.687720489501953
64700,4.217413425445557
64800,5.576556069510324
64900,2.8505622318812778
65000,4.182668685913086
65100,5.681329727172852
65200,3.4186415672302246
65300,5.135003662109375
65400,3.698516421847873
65500,3.7831456661224365
65600,4.781196276346843
65700,4.077445983886719
65800,4.72546615600586
65900,4.753595140245226
66000,3.6391737196180554
66100,3.5637035369873047
66200,6.0363054275512695
66300,4.464446173773871
66400,3.8350968794389204
66500,2.974905558994838
66600,4.8023124694824215
66700,5.420321655273438
66800,5.060172080993652
66900,3.3191046714782715
67000,4.965411716037327
67100,3.0183189937046597
67200,5.519990921020508
67300,4.159134758843316
67400,5.158875685471755
67500,5.992755508422851
67600,5.0632881164550785
67700,4.518765883012251
67800,5.422318776448567
67900,2.446368081229074
68000,5.3327226638793945
68100,4.2606626238141745
68200,3.1806817735944475
68300,2.773176465715681
68400,5.480291927562041
68500,4.155580520629883
68600,3.282785415649414
68700,2.2455546061197915
68800,2.986294746398926
68900,3.7901361638849433
69000,4.273802947998047
69100,4.5008485967462715
69200,4.641705599698153
69300,3.0879573822021484
69400,3.1961356571742465
69500,4.415373665945871
69600,2.7832768758138022
69700,4.208911895751953
69800,5.0587834444913
69900,4.45571048443134
70000,4.458387851715088
70100,1.8889163970947265
70200,4.467444229125976
70300,4.410807200840542
70400,3.321223576863607
70500,3.715132819281684
70600,3.8618672688802085
70700,3.0591702461242676
70800,4.10969893137614
70900,2.1978441874186196
71000,3.249026828342014
71100,4.105493545532227
71200,6.393628540039063
71300,4.302510738372803
71400,2.3349669774373374
71500,4.515157222747803
71600,3.8633817036946616
71700,4.336174647013347
71800,5.658336639404297
71900,3.798060989379883
72000,3.4729080200195312
72100,4.118120193481445
72200,3.3518779277801514
72300,2.9601214272635326
72400,3.0369110107421875
72500,1.9926206588745117
72600,3.0137901306152344
72700,5.039683255282315
72800,3.703565216064453
72900,3.137914385114397
73000,2.5039124488830566
73100,3.8845036029815674
73200,3.5416251591273715
73300,2.791327885219029
73400,3.8857879638671875
73500,3.467762756347656
73600,5.647134992811415
73700,4.061208936903212
73800,5.080320358276367
73900,3.9398095267159596
74000,3.12993894304548
74100,4.354076385498047
74200,3.8177340030670166
74300,4.197257995605469
74400,1.839390516281128
74500,4.646984577178955
74600,2.4587627410888673
74700,3.7590830326080322
74800,5.686126708984375
74900,2.864070619855608
75000,3.000429153442383
75100,5.713382244110107
75200,2.827763080596924
75300,5.035331344604492
75400,3.580926683213976
75500,4.259552955627441
75600,5.185773213704427
75700,4.0723308563232425
75800,4.3582916259765625
75900,4.460849338107639
76000,3.4154944949679904
76100,3.6746107737223306
76200,5.669300079345703
76300,3.7645492553710938
76400,3.6501894864169033
76500,2.68294552394322
76600,4.841298675537109
76700,4.536190795898437
76800,5.053826014200847
76900,2.9681265354156494
77000,4.534549289279514
77100,3.0254609244210378
77200,5.559929529825847
77300,4.945980072021484
77400,4.991237933819111
77500,5.6844970703125
77600,5.38221549987793
77700,4.48805722323331
77800,4.86296272277832
77900,2.516160420009068
78000,4.855223655700684
78100,3.5938527243477956
78200,3.2016282762799944
78300,2.0808922903878346
78400,5.912225162281709
78500,4.307478904724121
78600,3.4831663767496743
78700,2.1952908833821616
78800,2.355604648590088
78900,3.6696524186567827
79000,3.964588165283203
79100,4.331690007990057
79200,4.834746967662465
79300,2.8041595458984374
79400,2.7961485726492747
79500,4.7648179190499445
79600,2.267242007785373
79700,3.7992300987243652
79800,4.78935449773615
79900,4.017796149620643
80000,4.464226245880127
80100,1.2294137001037597
80200,3.723142623901367
80300,5.1602903093610495
80400,2.89911683400472
80500,3.2958908081054688
80600,4.156206766764323
80700,2.9113316535949707
80800,2.8147109349568686
80900,1.7560683886210124
81000,2.502865685356988
81100,4.28701114654541
81200,6.56851318359375
81300,4.43162727355957
81400,2.1731907526652017
81500,4.4180073738098145
81600,3.498488426208496
81700,4.255341211954753
81800,5.9437949440696025
81900,3.307251739501953
82000,3.3943074544270835
82100,4.087891578674316
82200,2.760666847229004
82300,2.9828079768589566
82400,3.300189208984375
82500,1.947137451171875
82600,3.118989944458008
82700,4.382019736550071
82800,3.616252899169922
82900,3.076995849609375
83000,3.856701374053955
83100,3.9543614387512207
83200,2.949878420148577
83300,2.839874812534877
83400,3.6318508783976235
83500,4.097438812255859
83600,5.43465338812934
83700,4.202072991265191
83800,4.701914151509603
83900,5.632155282156808
84000,3.935809544154576
84100,4.028910064697266
84200,3.182574987411499
84300,4.062242126464843
84400,1.2118630409240723
84500,4.311978340148926
84600,1.3713364601135254
84700,4.096214294433594
84800,5.506232125418527
84900,2.980334963117327
85000,2.3253252506256104
85100,5.5553154945373535
85200,2.6448974609375
85300,4.732841873168946
85400,3.4172676934136286
85500,3.908228874206543
85600,4.523771603902181
85700,3.6764007568359376
85800,4.733310317993164
85900,4.2803323533799915
86000,3.9912211100260415
86100,3.266838709513346
86200,5.708705902099609
86300,3.7626440260145397
86400,4.822230945933949
86500,2.984898158482143
86600,4.99383544921875
86700,4.6096336364746096
86800,4.680910746256511
86900,3.2066006660461426
87000,4.327145046657986
87100,3.298821585518973
87200,5.4192854563395185
87300,4.1961474948459205
87400,4.682486314039964
87500,5.739033508300781
87600,4.6891929626464846
87700,4.533114346590909
87800,3.320532480875651
87900,2.0048285893031528
88000,4.608481407165527
88100,4.011577606201172
88200,3.4405130658830916
88300,2.026259013584682
88400,5.884528216193704
88500,4.073352813720703
88600,3.148230234781901
88700,2.5703163146972656
88800,2.6240651607513428
88900,3.6249941045587715
89000,4.186217880249023
89100,4.876662514426491
89200,3.8553251786665483
89300,2.258381462097168
89400,2.3022994995117188
89500,5.034730638776507
89600,2.136988321940104
89700,4.096859455108643
89800,4.595795371315696
89900,4.504013941838191
90000,3.919194459915161
90100,0.797309684753418
90200,3.629085922241211
90300,4.804942539760044
90400,2.519221623738607
90500,3.554767608642578
90600,3.998753865559896
90700,2.5894150733947754
90800,2.789393424987793
90900,1.7540429433186848
91000,2.9832295311821833
91100,3.7452573776245117
91200,6.605723266601562
91300,4.371795177459717
91400,1.7302560806274414
91500,4.583828926086426
91600,3.4158283869425454
91700,4.022605260213216
91800,5.705991918390447
91900,3.685416412353516
92000,3.30937925974528
92100,4.269128799438477
92200,3.4545414447784424
92300,3.000716073172433
92400,3.2304615020751952
92500,1.4234807014465332
92600,2.728903388977051
92700,4.601430372758345
92800,3.9096168518066405
92900,2.6126174926757812
93000,4.657074451446533
93100,4.103200435638428
93200,2.3243985857282365
93300,2.6068363189697266
93400,3.2559992472330728
93500,3.5488941192626955
93600,5.276968638102214
93700,3.617071787516276
93800,4.948385238647461
93900,3.6764474596296037
94000,3.771493911743164
94100,3.802103805541992
94200,2.8090620040893555
94300,4.059807205200196
94400,2.079685688018799
94500,3.6872572898864746
94600,0.793079423904419
94700,3.853361129760742
94800,5.2747344970703125
94900,2.595203127179827
95000,1.7437098026275635
95100,5.150622844696045
95200,2.9035568237304688
95300,4.299979400634766
95400,3.1224341922336154
95500,3.631960391998291
95600,5.086147626241048
95700,4.160684967041016
95800,4.463264846801758
95900,4.088186475965712
96000,3.385251998901367
96100,3.1992810567220054
96200,5.761898994445801
96300,3.381970935397678
96400,3.827017003839666
96500,2.7328728267124722
96600,4.645044326782227
96700,4.556253814697266
96800,4.681600252787272
96900,3.060208797454834
97000,4.675922393798828
97100,2.6876738412039622
97200,5.403165817260742
97300,3.6727252536349826
97400,4.880846757155198
97500,5.8129528045654295
97600,4.555112075805664
97700,4.408113999800249
97800,4.587233225504558
97900,1.8959061758858817
98000,4.64463472366333
98100,3.3449717930385043
98200,2.792459487915039
98300,2.1457015446254184
98400,5.841382194967831
98500,3.6016902923583984
98600,3.656282424926758
98700,1.764409859975179
98800,2.893239974975586
98900,3.50559477372603
99000,3.822111892700195
99100,4.657492204145952
99200,5.456973682750355
99300,2.3088817596435547
99400,3.1772970472063338
99500,4.338189806256976
99600,1.741854773627387
99700,3.504404067993164
99800,4.349966569380327
99900,3.8184746962327223
100000,4.314733028411865
100,0.8373890876770019
200,3.909394073486328
300,4.4444539206368585
400,2.6635330518086753
500,3.3408788045247397
600,3.978643290201823
700,3.6889848709106445
800,3.0314598083496094
900,1.934443473815918
1000,2.6059466467963324
1100,4.564041614532471
1200,6.440011596679687
1300,4.470438003540039
1400,2.115118980407715
1500,4.528820037841797
1600,3.1939690907796225
1700,4.2924652099609375
1800,4.953432603315874
1900,2.6831899642944337
2000,3.2117738723754883
2100,4.581094264984131
2200,3.3212532997131348
2300,2.824960708618164
2400,3.2613590240478514
2500,2.2186790466308595
2600,3.1064905166625976
2700,4.596799677068537
2800,4.805923843383789
2900,2.8303639548165456
3000,4.166829586029053
3100,3.106464385986328
3200,2.2983055114746094
3300,2.868858882359096
3400,3.0864842732747397
3500,3.6578815460205076
3600,5.699507395426433
3700,3.870356665717231
3800,4.717384020487468
3900,3.139833722795759
4000,3.666595458984375
4100,4.544211196899414
4200,3.8432350158691406
4300,4.123165130615234
4400,1.7864723205566406
4500,3.517756700515747
4600,1.2303457260131836
4700,3.725313663482666
4800,5.162687029157366
4900,3.408594403948103
5000,2.297664165496826
5100,4.531635761260986
5200,3.3960320949554443
5300,4.549104309082031
5400,3.514995574951172
5500,3.5400619506835938
5600,4.48869514465332
5700,4.0235340118408205
5800,4.369447326660156
5900,3.6745868259006076
6000,4.234611511230469
6100,3.673799514770508
6200,6.234375953674316
6300,4.805600484212239
6400,3.788511102849787
6500,2.356518336704799
6600,5.488002014160156
6700,4.030859756469726
6800,5.122391064961751
6900,2.970257043838501
7000,4.3530527750651045
7100,3.208848408290318
7200,5.886192321777344
7300,4.093841128879124
7400,4.807721358079177
7500,6.35033950805664
7600,4.488874053955078
7700,4.649073860862038
7800,3.6565287907918296
7900,1.977151325770787
8000,4.4860358238220215
8100,3.850185121808733
8200,2.601699556623186
8300,1.7561111450195312
8400,5.961494894588695
8500,3.0585200786590576
8600,4.399990081787109
8700,2.250432332356771
8800,2.2861149311065674
8900,3.982959747314453
9000,3.9443233489990233
9100,4.836667147549716
9200,4.055680708451704
9300,2.7286542892456054
9400,2.6958626338413785
9500,5.9377016339983255
9600,1.8826474083794489
9700,3.048006296157837
9800,5.218928250399503
9900,3.9945352994478664
10000,4.817252159118652
10100,1.656679916381836
10200,3.397166061401367
10300,4.056652886526925
10400,2.41292667388916
10500,3.7432611253526478
10600,3.741224161783854
10700,3.526669502258301
10800,2.7661921183268228
10900,1.4493341445922852
11000,2.265977223714193
11100,3.809812307357788
11200,6.386705932617187
11300,5.088045120239258
11400,2.5897083282470703
11500,4.283827304840088
11600,2.8739938735961914
11700,3.7068373362223306
11800,4.6877899169921875
11900,2.462737464904785
12000,3.604018529256185
12100,3.934713363647461
12200,2.941136121749878
12300,2.7555759974888394
12400,3.2644771575927733
12500,2.2971195220947265
12600,2.6601799011230467
12700,4.213469765403054
12800,4.567241668701172
12900,2.7378662654331754
13000,2.8587942123413086
13100,3.3161869049072266
13200,4.050267628261021
13300,2.4045331137520924
13400,3.4014457066853843
13500,3.0194501876831055
13600,5.314840528700087
13700,3.83683098687066
13800,4.5451405843098955
13900,3.386226109095982
14000,3.1315460205078125
14100,3.6535720825195312
14200,2.6617212295532227
14300,4.25408706665039
14400,2.5348575115203857
14500,3.126156806945801
14600,0.8753816604614257
14700,4.5957441329956055
14800,5.230983189174107
14900,2.32704952784947
15000,0.9667837023735046
15100,5.002130031585693
15200,3.1232850551605225
15300,5.083220291137695
15400,3.5172930823432074
15500,3.0385780334472656
15600,4.190062204996745
15700,3.7672607421875
15800,4.504208374023437
15900,3.707126193576389
16000,4.199913024902344
16100,3.1055380503336587
16200,6.283323287963867
16300,3.588489532470703
16400,3.5914233814586294
16500,2.250789097377232
16600,5.050374984741211
16700,4.112112808227539
16800,5.094866434733073
16900,2.849560260772705
17000,3.658111572265625
17100,2.4040584564208984
17200,5.822739919026692
17300,3.1958556705050998
17400,4.923166715181791
17500,5.379518127441406
17600,4.865553283691407
17700,4.14462627064098
17800,2.887109120686849
17900,1.928107397896903
18000,4.358717441558838
18100,3.8169969831194197
18200,2.0568784986223494
18300,1.965174947466169
18400,5.2019971959731155
18500,2.6402409076690674
18600,3.6150519053141275
18700,1.8430411020914714
18800,3.0610852241516113
18900,3.829487540505149
19000,3.1545570373535154
19100,4.581979924982244
19200,3.262923153963956
19300,2.535981559753418
19400,2.4877030508858815
19500,4.160364423479352
19600,1.5867186652289496
19700,3.270634174346924
19800,5.375612779097124
19900,4.133611532358023
20000,4.47428035736084
20100,1.0415509223937989
20200,3.3075504302978516
20300,4.144668306623187
20400,2.143217404683431
20500,2.9851182301839194
20600,3.9061742146809895
20700,2.9517431259155273
20800,1.7859142621358235
20900,1.0725163618723552
21000,2.406580607096354
21100,3.7401986122131348
21200,6.243729858398438
21300,3.6115622520446777
21400,1.984720230102539
21500,4.276279449462891
21600,3.3473949432373047
21700,3.5896050135294595
21800,4.400730479847301
21900,2.3369522094726562
22000,3.359294573465983
22100,3.9039998054504395
22200,2.5500621795654297
22300,2.316443852015904
22400,3.3728057861328127
22500,2.063156509399414
22600,2.953194808959961
22700,4.416725158691406
22800,4.02630615234375
22900,2.5216192517961775
23000,2.7677054405212402
23100,3.517127513885498
23200,2.2781788962227956
23300,1.8721391132899694
23400,3.0594870249430337
23500,2.843860054016113
23600,5.424361758761936
23700,3.370261934068468
23800,4.612840016682942
23900,3.435104642595564
24000,3.434309823172433
24100,3.78560791015625
24200,2.9662117958068848
24300,3.929417037963867
24400,1.770263910293579
24500,2.9353086948394775
24600,1.144522476196289
24700,3.6054720878601074
24800,4.972472054617746
24900,2.2520106179373607
25000,0.9540596604347229
25100,4.457040786743164
25200,3.02585768699646
25300,4.217282104492187
25400,3.486556794908312
25500,3.0560102462768555
25600,4.494083404541016
25700,4.17658576965332
25800,4.991798400878906
25900,3.621796078152127
26000,3.17828729417589
26100,2.689133961995443
26200,5.780735015869141
26300,3.5132422977023654
26400,3.7165184020996094
26500,2.6811888558523997
26600,5.64013900756836
26700,4.029270935058594
26800,4.503354072570801
26900,2.376906156539917
27000,3.7793553670247397
27100,2.2350455692836215
27200,5.396854400634766
27300,3.375530030992296
27400,4.849291581373948
27500,6.040666198730468
27600,4.735840606689453
27700,4.338321685791016
27800,1.3505455652872722
27900,1.5903748103550501
28000,4.3088579177856445
28100,3.0088084084647044
28200,2.4804115295410156
28300,1.932694980076381
28400,5.245574951171875
28500,3.0666918754577637
28600,2.9369614919026694
28700,1.793542702992757
28800,1.9075181484222412
28900,3.596310355446555
29000,3.0073789596557616
29100,4.371998180042613
29200,3.670808965509588
29300,2.0665508270263673
29400,2.3770378657749722
29500,5.093163626534598
29600,1.2373531129625108
29700,2.7924396991729736
29800,4.482272061434659
29900,4.320606525127705
30000,5.002999305725098
30100,0.3804710865020752
30200,3.211839294433594
30300,4.890422276088169
30400,1.6322321891784668
30500,4.119390275743273
30600,3.3642908732096353
30700,2.3581104278564453
30800,3.2772754033406577
30900,1.2312920093536377
31000,2.0547542572021484
31100,3.377147912979126
31200,5.962371215820313
31300,4.331474304199219
31400,2.31669012705485
31500,4.0124406814575195
31600,2.9429855346679688
31700,3.0799779891967773
31800,3.810483065518466
31900,2.5817745208740233
32000,3.4327176411946616
32100,5.198099613189697
32200,2.6479036808013916
32300,1.7099614824567522
32400,3.0859535217285154
32500,1.978097915649414
32600,2.576648139953613
32700,4.159269159490412
32800,4.173454666137696
32900,2.3265345437186107
33000,3.3576300144195557
33100,2.463094472885132
33200,2.3769689287458147
33300,1.6970656258719308
33400,2.827566146850586
33500,2.2555419921875
33600,5.288709428575304
33700,3.2368626064724393
33800,4.163147926330566
33900,2.988494873046875
34000,2.835453850882394
34100,4.485547256469727
34200,2.6225955486297607
34300,3.4256351470947264
34400,1.18108069896698
34500,3.2123470306396484
34600,0.7736534595489502
34700,3.709437847137451
34800,4.698517935616629
34900,1.9948844909667969
35000,2.334198474884033
35100,5.247391700744629
35200,2.1829328536987305
35300,4.330818939208984
35400,2.8119595845540366
35500,2.8012502193450928
35600,4.339365641276042
35700,3.4438514709472656
35800,4.823220825195312
35900,4.591068691677517
36000,3.623377482096354
36100,3.7257210413614907
36200,5.800288200378418
36300,3.1049669053819446
36400,3.9838797829367896
36500,2.2959365844726562
36600,4.559450149536133
36700,4.473855209350586
36800,4.466789881388347
36900,1.9191501140594482
37000,3.7943831549750433
37100,1.8270384924752372
37200,4.636330604553223
37300,3.9822900560167103
37400,4.223758697509766
37500,5.60089225769043
37600,4.609326934814453
37700,4.16118691184304
37800,1.4973502159118652
37900,2.051236833844866
38000,3.5433454513549805
38100,2.7492141723632812
38200,2.117510659354074
38300,1.8645900998796736
38400,5.273539374856388
38500,3.725554943084717
38600,3.175398508707682
38700,1.6726512908935547
38800,1.6103882789611816
38900,3.2378970059481533
39000,3.2372726440429687
39100,4.03082968971946
39200,3.72542988170277
39300,2.2494388580322267
39400,2.1820177350725447
39500,3.483879361833845
39600,1.197708871629503
39700,2.9096672534942627
39800,4.302723277698863
39900,4.307093400221604
40000,5.007234573364258
40100,0.36931276321411133
40200,3.3005958557128907
40300,3.308689662388393
40400,2.1676883697509766
40500,3.8301175435384116
40600,3.4610361735026043
40700,2.77459979057312
40800,2.1973517735799155
40900,0.9843651453653971
41000,2.348271263970269
41100,4.113310813903809
41200,6.487257690429687
41300,3.970292806625366
41400,1.706464449564616
41500,4.54676628112793
41600,2.310705820719401
41700,3.465357462565104
41800,3.464451876553622
41900,3.1960472106933593
42000,3.537811597188314
42100,4.744007110595703
42200,2.394195556640625
42300,1.7076386043003626
42400,4.08253173828125
42500,2.031594085693359
42600,2.7700050354003904
42700,4.733603043989702
42800,4.269718933105469
42900,2.088470458984375
43000,4.130110740661621
43100,2.568131923675537
43200,1.7426599775041853
43300,2.2263195855276927
43400,4.262111981709798
43500,2.5790481567382812
43600,4.196294572618273
43700,3.253520753648546
43800,4.569904327392578
43900,2.7273216247558594
44000,3.139867510114397
44100,3.3775814056396483
44200,3.200269937515259
44300,3.6725440979003907
44400,3.1336917877197266
44500,3.2593584060668945
44600,0.5859833240509034
44700,3.4822916984558105
44800,5.0726776123046875
44900,2.0087223052978516
45000,0.8308265805244446
45100,5.940158843994141
45200,2.2984163761138916
45300,3.9371566772460938
45400,3.7572428385416665
45500,3.138583183288574
45600,4.459129015604655
45700,3.9214744567871094
45800,5.011264801025391
45900,3.3956551021999783
46000,3.587795681423611
46100,3.6046053568522134
46200,4.798837661743164
46300,2.6137388017442493
46400,4.2375193509188565
46500,1.8131640298025948
46600,4.747359848022461
46700,4.597196960449219
46800,4.796247800191243
46900,2.471212863922119
47000,3.759837680392795
47100,1.630074909755162
47200,5.229623158772786
47300,3.083009719848633
47400,3.974482609675481
47500,6.068458938598633
47600,4.363565063476562
47700,4.558811881325462
47800,3.658088048299154
47900,2.145523888724191
48000,3.375070810317993
48100,3.130222593035017
48200,4.092008318219866
48300,1.65184143611363
48400,5.330860811121323
48500,2.793816328048706
48600,3.2271413803100586
48700,2.1303736368815103
48800,1.8451788425445557
48900,3.336175398393111
49000,3.794660186767578
49100,4.830513347278941
49200,2.881124669855291
49300,1.6692651748657226
49400,3.5150677817208424
49500,3.3778078896658763
49600,1.61667972140842
49700,3.2901864051818848
49800,4.700009432705966
49900,4.328160506028396
50000,4.630426406860352
