Japanese English dataset configuration
vocab size, en=3713, fr=3949
--------------------------------------------------
Training progress will be logged in:
	model/train_10000sen_2-2layers_100units_ja_en_exp1_NO_ATTN.log
--------------------------------------------------
Trained model will be saved as:
	model/seq2seq_10000sen_2-2layers_100units_ja_en_exp1_NO_ATTN.model
--------------------------------------------------
Existing model found
--------------------------------------------------
loading model ...
finished loading: model/seq2seq_10000sen_2-2layers_100units_ja_en_exp1_NO_ATTN.model
--------------------------------------------------
--------------------------------------------------
dev perplexity | 54.1784
# words in dev | 4557
--------------------------------------------------
BLEU: 17.897
English predictions, s=10000, num=100:
--------------------------------------------------
Src | この 路地 は 通り抜け でき ま せ ん 。                                                         
Ref | this is a dead @-@ end alley .                                                  
Hyp | i can &apos;t make this this . _EOS                                             
--------------------------------------------------
precision | 0.2500
recall | 0.2500
--------------------------------------------------
Src | ええ 、 届 い た の を お 知 らせ する の を 忘れ て しま っ て す み ま せ ん 。                            
Ref | yes , sorry , i forgot to acknowledge it .                                      
Hyp | however , , , will will will will to to to . . _EOS                             
--------------------------------------------------
precision | 0.2857
recall | 0.4000
--------------------------------------------------
Src | 彼 は ドイツ 生まれ の 人 だ 。                                                             
Ref | he is a german by origin .                                                      
Hyp | he is a friendly person . _EOS                                                  
--------------------------------------------------
precision | 0.5714
recall | 0.5714
--------------------------------------------------
Src | 我々 は ロビン フッド の 伝説 を 良く 知 っ て い る 。                                              
Ref | we are familiar with the legend of robin hood .                                 
Hyp | we are longing in confidence black . _EOS                                       
--------------------------------------------------
precision | 0.3750
recall | 0.3000
--------------------------------------------------
Src | トランク に は 鍵 が かけ られ て い ま す か 。                                                  
Ref | is your trunk locked ?                                                          
Hyp | how size does the in in ? ? _EOS                                                
--------------------------------------------------
precision | 0.1111
recall | 0.2000
--------------------------------------------------
Src | それ は 冗談 の つもり で い っ た だけ だ よ 。                                                  
Ref | i just meant it as a joke .                                                     
Hyp | it &apos;s a to to to the the . . _EOS                                          
--------------------------------------------------
precision | 0.2727
recall | 0.3750
--------------------------------------------------
Src | その 部屋 は 居心地 の 良 い 感じ が し た 。                                                    
Ref | the room had a nice cozy feel .                                                 
Hyp | the _UNK deprived clearly _UNK _UNK . _EOS                                      
--------------------------------------------------
precision | 0.2500
recall | 0.2500
--------------------------------------------------
Src | パソコン が 使え る の は 彼女 だけ で す 。                                                     
Ref | she alone is able to use the personal computer .                                
Hyp | it is easy to will is . . _EOS                                                  
--------------------------------------------------
precision | 0.3333
recall | 0.3000
--------------------------------------------------
Src | 彼 ら は 共同 声明 に 同意 し た 。                                                          
Ref | they agreed on a joint statement .                                              
Hyp | they sat their the _UNK . . _EOS                                                
--------------------------------------------------
precision | 0.2500
recall | 0.2857
--------------------------------------------------
Src | 彼 は 彼女 を バス に 助け あげ た 。                                                         
Ref | he handed her up into the bus .                                                 
Hyp | he attended the her on her . _EOS                                               
--------------------------------------------------
precision | 0.5000
recall | 0.5000
--------------------------------------------------
Src | 彼 に どんな 欠点 が あ る に し て も 、 卑劣 な ところ は な い 。                                     
Ref | whatever faults he may have , meanness is not one of them .                     
Hyp | what is said that not not not not he is . . _EOS                                
--------------------------------------------------
precision | 0.3077
recall | 0.3077
--------------------------------------------------
Src | 「 こんな 朝 早く から 開館 し て る ん で す か ？ 」 「 私 は 顔 パス よ 」                               
Ref | &quot; will they be open this early in the morning ? &quot; &quot; they &apos;ll let me in on sight . &quot;
Hyp | &quot; will the to to , , , &quot; , &quot; &quot; &quot; &quot; &quot; &quot; &quot; &quot; . .
--------------------------------------------------
precision | 0.3500
recall | 0.3182
--------------------------------------------------
Src | 人間 も 極度 に 寒 い 温度 に 対 し て は 、 防御 装置 を 備え て い る 。                                 
Ref | man , too , has been given protective devices against extreme temperatures .    
Hyp | the is _UNK _UNK of of of _UNK _UNK in this _UNK . _EOS                         
--------------------------------------------------
precision | 0.0714
recall | 0.0769
--------------------------------------------------
Src | 私 は タバコ を 吸 う の を やめ た 。                                                        
Ref | i stopped smoking .                                                             
Hyp | i thought the money . _EOS                                                      
--------------------------------------------------
precision | 0.3333
recall | 0.5000
--------------------------------------------------
Src | 彼 は かっと な っ て 私 を 殴 っ た 。                                                       
Ref | he struck me in a passion .                                                     
Hyp | he had to match his . . _EOS                                                    
--------------------------------------------------
precision | 0.2500
recall | 0.2857
--------------------------------------------------
Src | 彼 は ロープ を 引っ張 っ た 。                                                             
Ref | he pulled the rope .                                                            
Hyp | he _UNK his courage . . _EOS                                                    
--------------------------------------------------
precision | 0.2857
recall | 0.4000
--------------------------------------------------
Src | どう し て あやま っ て 彼 の 許し を こ わ な い ん だ 。                                           
Ref | why not apologize and ask for his pardon ?                                      
Hyp | i don &apos;t notice to to such his . . _EOS                                    
--------------------------------------------------
precision | 0.0909
recall | 0.1111
--------------------------------------------------
Src | 私 は 彼 ら は 来る と 思 う 。                                                            
Ref | i suppose they are coming .                                                     
Hyp | i think that he is . _EOS                                                       
--------------------------------------------------
precision | 0.2857
recall | 0.3333
--------------------------------------------------
Src | 丘 の 上 に 建 っ て い る 家 は とても 古 い 。                                                 
Ref | the house which stands on the hill is very old .                                
Hyp | there are users _UNK in in in is _UNK . . _EOS                                  
--------------------------------------------------
precision | 0.1667
recall | 0.1818
--------------------------------------------------
Src | 私 は 早 く 着 き すぎ た 。                                                              
Ref | i arrived there too early .                                                     
Hyp | i &apos;ve it to yesterday . _EOS                                               
--------------------------------------------------
precision | 0.2857
recall | 0.3333
--------------------------------------------------
Src | 私 は 彼 の 親切 に こたえ た い 。                                                          
Ref | i would like to repay him for his kindness .                                    
Hyp | i admire him him his his . _EOS                                                 
--------------------------------------------------
precision | 0.5000
recall | 0.4000
--------------------------------------------------
Src | 屋根 は 強風 に 飛ば さ れ た 。                                                            
Ref | the roof was torn off by the gale .                                             
Hyp | the _UNK blown blown _UNK opera . _EOS                                          
--------------------------------------------------
precision | 0.2500
recall | 0.2222
--------------------------------------------------
Src | 霧 の 中 から 突然 船 が 現れ た 。                                                          
Ref | a boat suddenly appeared out of the mist .                                      
Hyp | there were several in the the . . _EOS                                          
--------------------------------------------------
precision | 0.2222
recall | 0.2222
--------------------------------------------------
Src | 車 が 衝突 し た とき シート ベルト を し て い た ら 、 彼 は 今 で も 生き て い る だ ろ う 。                  
Ref | he would still be alive if he had been wearing his seat belt when the car crashed .
Hyp | it will sure that , , , he would he will he to a . . _EOS                       
--------------------------------------------------
precision | 0.2353
recall | 0.2222
--------------------------------------------------
Src | あなた が 結婚 し 子供 を 持 っ た ら 、 言葉 より 実践 と い う こと を 悟 る で しょ う 。                      
Ref | when you get married and have kids , you &apos;ll realize that actions speak louder than words .
Hyp | i will you that that will you you you you . . . . _EOS                          
--------------------------------------------------
precision | 0.2667
recall | 0.2222
--------------------------------------------------
Src | それ は 遺憾 な ところ が 多 い 。                                                           
Ref | it leaves nothing much to be desired .                                          
Hyp | it is a _UNK in . . _EOS                                                        
--------------------------------------------------
precision | 0.2500
recall | 0.2500
--------------------------------------------------
Src | その 装置 が 作動 し て い る 間 は 暖房 を 止め る こと は でき な い 。                                  
Ref | you can &apos;t turn the heat off as long as the system is operating .          
Hyp | the _UNK that _UNK that , _UNK not not _EOS                                     
--------------------------------------------------
precision | 0.1000
recall | 0.0667
--------------------------------------------------
Src | ピクニック は 雨 の ため に 中止 に な っ た 。                                                   
Ref | the picnic was called off because of rain .                                     
Hyp | the man ended the to the . . _EOS                                               
--------------------------------------------------
precision | 0.2222
recall | 0.2222
--------------------------------------------------
Src | 彼 は 週末 に よく 家 を 空け る 。                                                          
Ref | he often stays away from home on the weekend .                                  
Hyp | he has up up in his his . . _EOS                                                
--------------------------------------------------
precision | 0.2000
recall | 0.2000
--------------------------------------------------
Src | その シェパード は 、 びっこ を ひ き ながら 道 を 歩 い て い た 。                                      
Ref | the german shepherd was limping down the street .                               
Hyp | the _UNK was remained _UNK awake the of the the the . _EOS                      
--------------------------------------------------
precision | 0.3077
recall | 0.4444
--------------------------------------------------
Src | ボブ は 読 み きれ な い ほど たくさん の 本 を 持 っ て い る 。                                       
Ref | bob has too many books to read .                                                
Hyp | it is always to seeing in use in . . _EOS                                       
--------------------------------------------------
precision | 0.1818
recall | 0.2500
--------------------------------------------------
Src | 板 に くぎ を 打ち込 ん だ 。                                                              
Ref | he hammered nails into the plank .                                              
Hyp | i spent a _UNK in the vision . _EOS                                             
--------------------------------------------------
precision | 0.2222
recall | 0.2857
--------------------------------------------------
Src | 宿題 は もう 終わ っ た の で す か 。                                                        
Ref | have you finished your homework already ?                                       
Hyp | where did you released ? ? _EOS                                                 
--------------------------------------------------
precision | 0.2857
recall | 0.2857
--------------------------------------------------
Src | まず その 辺 で す 。                                                                   
Ref | that &apos;s about it .                                                         
Hyp | the _UNK is nice very . . _EOS                                                  
--------------------------------------------------
precision | 0.1250
recall | 0.2000
--------------------------------------------------
Src | 夢 は 、 世界 一周 旅行 。                                                                
Ref | my dream is to take a round @-@ the @-@ world trip .                            
Hyp | that is , , . . _EOS                                                            
--------------------------------------------------
precision | 0.2857
recall | 0.1538
--------------------------------------------------
Src | 今夜 は 家 に つれ て い っ て く れ 。                                                       
Ref | please take me home tonight .                                                   
Hyp | pay your your , . _EOS                                                          
--------------------------------------------------
precision | 0.1667
recall | 0.1667
--------------------------------------------------
Src | ２ 日間 ベッド に い な く て は な ら な かっ た 。                                               
Ref | i have had to stay in bed for two days .                                        
Hyp | i had not pleasant to the environment . _EOS                                    
--------------------------------------------------
precision | 0.4444
recall | 0.3636
--------------------------------------------------
Src | 消防 士 は あっ と い う 間 に 火 を 消 し た 。                                                 
Ref | the firemen had the fire out in no time .                                       
Hyp | the _UNK _UNK the to to to the the the . . _EOS                                 
--------------------------------------------------
precision | 0.2308
recall | 0.3000
--------------------------------------------------
Src | あなた の 傘 を 借り て い い で す か 。                                                      
Ref | can i borrow your umbrella ?                                                    
Hyp | may i know you along ? _EOS                                                     
--------------------------------------------------
precision | 0.2857
recall | 0.3333
--------------------------------------------------
Src | 明日 雨降り なら 私 は 家 に い ま す 。                                                       
Ref | i will stay home if it rains tomorrow .                                         
Hyp | i am now you than you . _EOS                                                    
--------------------------------------------------
precision | 0.2500
recall | 0.2222
--------------------------------------------------
Src | 彼女 が 最後 に ゴール し た 人 で す 。                                                       
Ref | she was the last to cross the finishing line .                                  
Hyp | she was no to her home . . _EOS                                                 
--------------------------------------------------
precision | 0.4444
recall | 0.4000
--------------------------------------------------
Src | 写真 ほど 鮮明 な もの は な い 。                                                           
Ref | nothing is more vivid than a picture .                                          
Hyp | it is not pleasant of the success . _EOS                                        
--------------------------------------------------
precision | 0.2222
recall | 0.2500
--------------------------------------------------
Src | 減税 は しばしば 経済 を 刺激 する 重要 な 財政 政策 手段 と し て 使 わ れ る 。                              
Ref | tax cuts are often used as a major fiscal tool to stimulate the economy .       
Hyp | _UNK is is _UNK the _UNK , _UNK _UNK to _UNK in . . _EOS                        
--------------------------------------------------
precision | 0.2000
recall | 0.2000
--------------------------------------------------
Src | 橋 が 圧力 で 落ち た 。                                                                 
Ref | the bridge crashed under the pressure .                                         
Hyp | the _UNK dressed _UNK . _EOS                                                    
--------------------------------------------------
precision | 0.3333
recall | 0.2857
--------------------------------------------------
Src | 私 は その 事実 を 十分 よく 知 っ て い る 。                                                   
Ref | i know the facts well enough .                                                  
Hyp | i like my meat to this . . _EOS                                                 
--------------------------------------------------
precision | 0.2222
recall | 0.2857
--------------------------------------------------
Src | 彼 の 後 を 継 ぐ だけ の 能力 の あ る 人物 を 見つけ る の は 容易 で は な い だ ろ う 。                     
Ref | it won &apos;t be easy to find someone capable of taking his place .            
Hyp | don don &apos;t he he he he he he he he he . . . . . . . .                      
--------------------------------------------------
precision | 0.1000
recall | 0.1429
--------------------------------------------------
Src | 私 は 一 番 列車 に 間に合 う よう に 急 い だ 。                                                 
Ref | i hurried in order to catch the first train .                                   
Hyp | i will fortunate to to to o o station . . _EOS                                  
--------------------------------------------------
precision | 0.2500
recall | 0.3000
--------------------------------------------------
Src | 私 は もはや 彼 の なまけ を 我慢 出来 な い 。                                                   
Ref | i cannot put up with his idleness any longer .                                  
Hyp | i have never to write mile a a . _EOS                                           
--------------------------------------------------
precision | 0.2000
recall | 0.2000
--------------------------------------------------
Src | 彼女 は 叔母 に 似 て い る 。                                                             
Ref | she resembles her aunt .                                                        
Hyp | she sings from her her . _EOS                                                   
--------------------------------------------------
precision | 0.4286
recall | 0.6000
--------------------------------------------------
Src | 彼 は い い 給料 を もら っ て い る 。                                                       
Ref | he earns a good salary .                                                        
Hyp | he is _UNK at . _EOS                                                            
--------------------------------------------------
precision | 0.3333
recall | 0.3333
--------------------------------------------------
Src | 歌 を 歌 っ て い る 少年 は 私 の 弟 で す 。                                                  
Ref | the boy singing a song is my brother .                                          
Hyp | it is worried to to to our . . _EOS                                             
--------------------------------------------------
precision | 0.2000
recall | 0.2222
--------------------------------------------------
Src | 彼女 は ベッド の 上 に うつ伏せ に 倒れ て い た 。                                                
Ref | she was lying face down on the bed .                                            
Hyp | she lived a with her the . . _EOS                                               
--------------------------------------------------
precision | 0.3333
recall | 0.3333
--------------------------------------------------
Src | 急 い で する 事 が あ る 。                                                              
Ref | i have an urgent matter to attend to .                                          
Hyp | i &apos;ve just you nine . _EOS                                                 
--------------------------------------------------
precision | 0.2857
recall | 0.2222
--------------------------------------------------
Src | 私 は 、 ストライキ の ため に 、 旅行 を 中止 し な けれ ば な ら な かっ た 。                              
Ref | i had to cancel my trip on account of the strike .                              
Hyp | i had to to to to to to the the . . _EOS                                        
--------------------------------------------------
precision | 0.3846
recall | 0.4167
--------------------------------------------------
Src | だれ で も が み な 正直 と は 限 ら な い 。                                                   
Ref | everyone is not honest .                                                        
Hyp | no goes not saying is is . . _EOS                                               
--------------------------------------------------
precision | 0.3333
recall | 0.6000
--------------------------------------------------
Src | もし 私 が 君 の 立場 なら 、 彼 を 手伝 っ て や る だ ろ う に 。                                     
Ref | if i were in your place , i would lend him a hand .                             
Hyp | if it i , , , will will tomorrow . _EOS                                         
--------------------------------------------------
precision | 0.3636
recall | 0.2857
--------------------------------------------------
Src | 早起き の 習慣 を 養 う よう に し なさ い 。                                                    
Ref | you should cultivate the habit of getting up early .                            
Hyp | please me forget to the . . _EOS                                                
--------------------------------------------------
precision | 0.2500
recall | 0.2000
--------------------------------------------------
Src | 君 に 会 っ た こと を 私 は 決して 忘れ ま せ ん 。                                               
Ref | i will never forget seeing you .                                                
Hyp | i can &apos;t know anything you you . . _EOS                                    
--------------------------------------------------
precision | 0.3000
recall | 0.4286
--------------------------------------------------
Src | カナダ へ 行 っ た こと が あ り ま す か 。                                                    
Ref | have you ever been to canada ?                                                  
Hyp | where did you come come ? ? _EOS                                                
--------------------------------------------------
precision | 0.2500
recall | 0.2857
--------------------------------------------------
Src | バス の 前 の ほう は す い て い た 。                                                       
Ref | the front of the bus was not crowded .                                          
Hyp | the naturally was was was was . . _EOS                                          
--------------------------------------------------
precision | 0.3333
recall | 0.3333
--------------------------------------------------
Src | 彼 は 出かけ た 先々 で 歓迎 さ れ た 。                                                       
Ref | he was welcomed wherever he went .                                              
Hyp | he was been tired a _UNK . _EOS                                                 
--------------------------------------------------
precision | 0.3750
recall | 0.4286
--------------------------------------------------
Src | 彼 は 自分 が 何 を 話 し て い る か を 時々 忘れ て しま う 。                                       
Ref | he sometimes forgets what he was talking about .                                
Hyp | he expect he he he he he . . _EOS                                               
--------------------------------------------------
precision | 0.3000
recall | 0.3333
--------------------------------------------------
Src | 彼女 は その 仕事 を する 気分 で は な い 。                                                    
Ref | she is in no humor for task .                                                   
Hyp | she cannot no sense her traveling . . _EOS                                      
--------------------------------------------------
precision | 0.3333
recall | 0.3750
--------------------------------------------------
Src | 私 は 野球 が 好き だ 。                                                                 
Ref | i like baseball .                                                               
Hyp | i like ready . _EOS                                                             
--------------------------------------------------
precision | 0.6000
recall | 0.7500
--------------------------------------------------
Src | その 名 の 人 は 学籍 簿 に 載 っ て ま せ ん 。                                                 
Ref | no person by that name is listed in the register of the school .                
Hyp | the _UNK is exist _UNK _UNK . . _EOS                                            
--------------------------------------------------
precision | 0.3333
recall | 0.2143
--------------------------------------------------
Src | 収穫 が もっと 悪 く な れ ば 、 飢饉 が 起こ る か も 知れ な い 。                                     
Ref | if the harvest gets any worse , there could be a famine .                       
Hyp | it is preferable saying that that is is is is . . _EOS                          
--------------------------------------------------
precision | 0.0769
recall | 0.0769
--------------------------------------------------
Src | 父 は 私 が 彼 に 対 し て 失礼 な 言動 を と っ た とき 、 怒り で 顔 が 真っ赤 に な っ た 。                   
Ref | father went red with anger when i behaved rudely towards him .                  
Hyp | my noted was that but arguments , but that that that that , _EOS                
--------------------------------------------------
precision | 0.0000
recall | 0.0000
--------------------------------------------------
Src | 彼 は 山 の 頂上 に 立 っ て い ま し た 。                                                    
Ref | he was standing at the top of the mountain .                                    
Hyp | he was been with in his . . _EOS                                                
--------------------------------------------------
precision | 0.3333
recall | 0.3000
--------------------------------------------------
Src | 私 たち みんな 自転 車 に 乗 る の が 好き で す 。                                                
Ref | we all like cycling .                                                           
Hyp | i like to to to my your . . _EOS                                                
--------------------------------------------------
precision | 0.2000
recall | 0.4000
--------------------------------------------------
Src | 赤ん坊 は よく 転 ぶ 。                                                                  
Ref | babies often fall down .                                                        
Hyp | babies are magazine . . _EOS                                                    
--------------------------------------------------
precision | 0.3333
recall | 0.4000
--------------------------------------------------
Src | その 質問 は 難し すぎ て 答え られ な かっ た 。                                                  
Ref | the question was too difficult to answer .                                      
Hyp | the boy was to to lift . _EOS                                                   
--------------------------------------------------
precision | 0.5000
recall | 0.5000
--------------------------------------------------
Src | 彼女 は 教師 の よう に 見え る 。                                                           
Ref | she looks like a teacher .                                                      
Hyp | she gets highly . . . _EOS                                                      
--------------------------------------------------
precision | 0.2857
recall | 0.3333
--------------------------------------------------
Src | ジョーダン さん は 「 授業 に 出 て い な かっ た の で す か 」 と たずね た 。                              
Ref | &quot; weren &apos;t you there ? &quot; asked mr jordan .                       
Hyp | _UNK thought _UNK _UNK that that that that that the . . _EOS                    
--------------------------------------------------
precision | 0.0769
recall | 0.0909
--------------------------------------------------
Src | 「 ほか に 何 か 要 り ま す か 」 「 それ だけ で 結構 で す 」                                       
Ref | &quot; anything else ? &quot; &quot; no , that &apos;s all . &quot;             
Hyp | &quot; will you , you , &quot; &quot; &quot; &quot; &quot; &quot; &quot; &quot; &quot; &quot; _EOS
--------------------------------------------------
precision | 0.2941
recall | 0.3846
--------------------------------------------------
Src | 気 苦労 が 彼 の 体 に 響 い た 。                                                          
Ref | worry affected his health .                                                     
Hyp | he _UNK him his his his . _EOS                                                  
--------------------------------------------------
precision | 0.2500
recall | 0.4000
--------------------------------------------------
Src | 彼 は それ を 詳し く 説明 し だ し た 。                                                      
Ref | he explained it at length .                                                     
Hyp | he was to be be . . _EOS                                                        
--------------------------------------------------
precision | 0.2500
recall | 0.3333
--------------------------------------------------
Src | 「 元気 を 出 し なさ い 」 と 彼女 は 私 に 言 い ま し た 。                                        
Ref | &quot; cheer up , &quot; she said to me .                                       
Hyp | since i came , , , , , , home home . _EOS                                       
--------------------------------------------------
precision | 0.1538
recall | 0.2000
--------------------------------------------------
Src | 本当 を 言 う と 、 コンピューター に は 詳し く な い の で す 。                                       
Ref | i &apos;m not really familiar with computers .                                  
Hyp | if you , , , , you to not . . . _EOS                                            
--------------------------------------------------
precision | 0.1538
recall | 0.2500
--------------------------------------------------
Src | ワイン を もっと 冷や し た い 。                                                            
Ref | i want to chill the wine more .                                                 
Hyp | i me to to to the the . _EOS                                                    
--------------------------------------------------
precision | 0.4444
recall | 0.5000
--------------------------------------------------
Src | 彼女 は 機嫌 が 悪 い と い う の も 、 いつ も 地下 鉄 に 乗 り 遅れ 仕事 場 まで 歩 く 羽目 に な っ た から だ 。      
Ref | she is in a temper , because she missed her usual train in the subway and had to walk to work .
Hyp | she was , she , , , , , , , , waste waste home home the the _EOS                
--------------------------------------------------
precision | 0.2105
recall | 0.1818
--------------------------------------------------
Src | 夕方 から 雨 だ って い っ て い た よ 。                                                      
Ref | it said rain from this evening .                                                
Hyp | it was a to before the the . . _EOS                                             
--------------------------------------------------
precision | 0.2000
recall | 0.2857
--------------------------------------------------
Src | あす の 朝 まで に は 一面 の 銀 世界 に な っ て い る だ ろ う 。                                     
Ref | by tomorrow morning all the world will have been covered with snow .            
Hyp | it &apos;s the to in in the the the the . . _EOS                                
--------------------------------------------------
precision | 0.1538
recall | 0.1538
--------------------------------------------------
Src | 知 っ て い れ ば 教え て あげ た ん だ けど 。                                                  
Ref | had i known it , i would have told you .                                        
Hyp | i had i i i . . _EOS                                                            
--------------------------------------------------
precision | 0.5000
recall | 0.3636
--------------------------------------------------
Src | 無知 は 幸福 。                                                                       
Ref | ignorance is bliss .                                                            
Hyp | _UNK &apos;s exist _UNK . _EOS                                                  
--------------------------------------------------
precision | 0.1667
recall | 0.2500
--------------------------------------------------
Src | せっかく 弁護 士 の 資格 が あ る の に もったい な い 。                                             
Ref | what a waste of your lawyer qualifications !                                    
Hyp | i can &apos;t ride to in in the the . . . _EOS                                  
--------------------------------------------------
precision | 0.0000
recall | 0.0000
--------------------------------------------------
Src | 少な い 収入 を でき る 限り いか し た い 。                                                    
Ref | make the best of your small income .                                            
Hyp | now , you you you me to you to the ? ? _EOS                                     
--------------------------------------------------
precision | 0.0769
recall | 0.1250
--------------------------------------------------
Src | いつ か あなた を 訪問 し て も い い で す か 。                                                 
Ref | may i call on you some day ?                                                    
Hyp | may i go you to drink ? _EOS                                                    
--------------------------------------------------
precision | 0.5000
recall | 0.5000
--------------------------------------------------
Src | 私 は ここ に とどま る べ き か ロンドン へ 行 く べ き か 分か ら な かっ た 。                             
Ref | i didn &apos;t know whether to stay here or go to london .                      
Hyp | i had &apos;t tired to i to i to to more . _EOS                                 
--------------------------------------------------
precision | 0.3846
recall | 0.3846
--------------------------------------------------
Src | ダン は よく お 母 さん に しか ら れ る 。                                                     
Ref | dan is often scolded by his mother .                                            
Hyp | _UNK are begins in monday in . . _EOS                                           
--------------------------------------------------
precision | 0.1111
recall | 0.1250
--------------------------------------------------
Src | ジョージ は とても 話 好き だ 。                                                             
Ref | george is quite talkative .                                                     
Hyp | patients often always expensive . . _EOS                                        
--------------------------------------------------
precision | 0.1429
recall | 0.2000
--------------------------------------------------
Src | システム が 作動 し な い 場合 が あ る 。                                                      
Ref | there are cases where the system doesn &apos;t go .                             
Hyp | _UNK is a _UNK in _UNK _UNK _UNK . _EOS                                         
--------------------------------------------------
precision | 0.1000
recall | 0.1000
--------------------------------------------------
Src | 彼女 は 毎週 １ 回 映画 を 見 に 行 く 。                                                      
Ref | she goes to the movies once a week .                                            
Hyp | she often her books her her clothes every . . _EOS                              
--------------------------------------------------
precision | 0.1818
recall | 0.2222
--------------------------------------------------
Src | 彼 は とって も やさし い よ 。                                                             
Ref | he is fine and gentle .                                                         
Hyp | he is a in person . _EOS                                                        
--------------------------------------------------
precision | 0.4286
recall | 0.5000
--------------------------------------------------
Src | 私 は ほとんど １８０ センチ で す 。                                                          
Ref | i am almost 180 centimeters tall .                                              
Hyp | i am a friend in a . . _EOS                                                     
--------------------------------------------------
precision | 0.3333
recall | 0.4286
--------------------------------------------------
Src | 彼 は 母親 に 似 て い る 。                                                              
Ref | he resembles his mother .                                                       
Hyp | he is always with _UNK . _EOS                                                   
--------------------------------------------------
precision | 0.2857
recall | 0.4000
--------------------------------------------------
Src | 東京 は だんぜん 日本 で 一番 大き い 都市 で す 。                                                 
Ref | tokyo is by far the largest city in japan .                                     
Hyp | mrs. bush is mainly for in _UNK . . _EOS                                        
--------------------------------------------------
precision | 0.3000
recall | 0.3000
--------------------------------------------------
Src | 出世 し た い の なら 、 努力 を おそれ て は な ら な い 。                                          
Ref | if you wish to get on in the world , you must not shrink from effort .          
Hyp | if we , , , you &apos;ve i to a the . . . _EOS                                  
--------------------------------------------------
precision | 0.4000
recall | 0.3529
--------------------------------------------------
Src | 「 まだ 浅 い ね 。 足 とど く 」 「 結構 遠浅 だ な 。 よ つば も まだ 足 つ く だ ろ 」                       
Ref | &quot; it &apos;s still shallow , eh . my feet still touch the bottom . &quot; &quot; it &apos;s quite a shallow beach . yotsuba , you can still touch the bottom can &apos;t you ? &quot;
Hyp | &quot; also it it , , &quot; &quot; &quot; &quot; &quot; &quot; &quot; &quot; &quot; &quot; &quot; &quot; &quot; &quot;
--------------------------------------------------
precision | 0.4000
recall | 0.2162
--------------------------------------------------
Src | 私 の お じい ちゃん は 私 が 大学 に 行 く こと を 望 ん で い る 。                                    
Ref | my grandfather hopes that i will enter college .                                
Hyp | my brother brother to to to to to your . . _EOS                                 
--------------------------------------------------
precision | 0.1667
recall | 0.2222
--------------------------------------------------
Src | ラスベガス が い る と 時間 が 経 つ の を 忘れ る 。                                               
Ref | it &apos;s easy to lose track of time when you are in las vegas .               
Hyp | _UNK _UNK , , will will . . . _EOS                                              
--------------------------------------------------
precision | 0.1000
recall | 0.0667
sentences matching filter = 100
